d:\work\assignment\assignment\assignment\debug\vc142.pdb
d:\work\assignment\assignment\assignment\debug\vc142.idb
d:\work\assignment\assignment\assignment\debug\texture.obj
d:\work\assignment\assignment\assignment\debug\source.obj
d:\work\assignment\assignment\assignment\debug\shadertest.obj
d:\work\assignment\assignment\assignment\debug\modeltest.obj
d:\work\assignment\assignment\assignment\debug\meshtest.obj
d:\work\assignment\assignment\assignment\debug\camera.obj
d:\work\assignment\assignment\assignment\debug\glad.obj
d:\work\assignment\assignment\assignment\debug\objectclass.obj
d:\work\assignment\assignment\assignment\debug\gameobject.obj
d:\work\assignment\assignment\assignment\debug\skybox.obj
d:\work\assignment\assignment\assignment\debug\sandbox.obj
d:\work\assignment\assignment\assignment\debug\framebuffer.obj
d:\work\assignment\assignment\assignment\debug\main.obj
d:\work\assignment\assignment\assignment\debug\scene.obj
d:\work\assignment\assignment\debug\assignment.exe
d:\work\assignment\assignment\debug\assignment.ilk
d:\work\assignment\assignment\debug\assignment.pdb
d:\work\assignment\assignment\assignment\debug\assignment.tlog\cl.command.1.tlog
d:\work\assignment\assignment\assignment\debug\assignment.tlog\cl.read.1.tlog
d:\work\assignment\assignment\assignment\debug\assignment.tlog\cl.write.1.tlog
d:\work\assignment\assignment\assignment\debug\assignment.tlog\link-cvtres.read.1.tlog
d:\work\assignment\assignment\assignment\debug\assignment.tlog\link-cvtres.write.1.tlog
d:\work\assignment\assignment\assignment\debug\assignment.tlog\link-rc.read.1.tlog
d:\work\assignment\assignment\assignment\debug\assignment.tlog\link-rc.write.1.tlog
d:\work\assignment\assignment\assignment\debug\assignment.tlog\link.7656-cvtres.read.1.tlog
d:\work\assignment\assignment\assignment\debug\assignment.tlog\link.7656-cvtres.write.1.tlog
d:\work\assignment\assignment\assignment\debug\assignment.tlog\link.7656-rc.read.1.tlog
d:\work\assignment\assignment\assignment\debug\assignment.tlog\link.7656-rc.write.1.tlog
d:\work\assignment\assignment\assignment\debug\assignment.tlog\link.7656.read.1.tlog
d:\work\assignment\assignment\assignment\debug\assignment.tlog\link.7656.write.1.tlog
d:\work\assignment\assignment\assignment\debug\assignment.tlog\link.command.1.tlog
d:\work\assignment\assignment\assignment\debug\assignment.tlog\link.read.1.tlog
d:\work\assignment\assignment\assignment\debug\assignment.tlog\link.write.1.tlog
